<?xml version="1.0" encoding="UTF-8"?>
<testng-results skipped="0" failed="0" ignored="0" total="1" passed="1">
  <reporter-output>
  </reporter-output>
  <suite name="Default suite" duration-ms="180856" started-at="2020-03-12T15:39:37 IST" finished-at="2020-03-12T15:42:38 IST">
    <groups>
      <group name="sanity">
        <method signature="Tc0018_ForgotPassword_VZ_VerificationCode.loginPositivecase(java.lang.String, java.lang.String, java.lang.String, java.lang.String, java.lang.String)[pri:0, instance:testcases.Tc0018_ForgotPassword_VZ_VerificationCode@3b2da18f]" name="loginPositivecase" class="testcases.Tc0018_ForgotPassword_VZ_VerificationCode"/>
      </group> <!-- sanity -->
    </groups>
    <test name="Default test" duration-ms="180856" started-at="2020-03-12T15:39:37 IST" finished-at="2020-03-12T15:42:38 IST">
      <class name="testcases.Tc0018_ForgotPassword_VZ_VerificationCode">
        <test-method status="PASS" signature="beforeSuite()[pri:0, instance:testcases.Tc0018_ForgotPassword_VZ_VerificationCode@3b2da18f]" name="beforeSuite" is-config="true" duration-ms="125" started-at="2020-03-12T15:39:37 IST" finished-at="2020-03-12T15:39:37 IST">
          <reporter-output>
          </reporter-output>
        </test-method> <!-- beforeSuite -->
        <test-method status="PASS" signature="beforeTest()[pri:0, instance:testcases.Tc0018_ForgotPassword_VZ_VerificationCode@3b2da18f]" name="beforeTest" is-config="true" duration-ms="5" started-at="2020-03-12T15:39:37 IST" finished-at="2020-03-12T15:39:37 IST">
          <reporter-output>
          </reporter-output>
        </test-method> <!-- beforeTest -->
        <test-method status="PASS" signature="setDatag()[pri:0, instance:testcases.Tc0018_ForgotPassword_VZ_VerificationCode@3b2da18f]" name="setDatag" is-config="true" duration-ms="0" started-at="2020-03-12T15:39:37 IST" finished-at="2020-03-12T15:39:37 IST">
          <reporter-output>
          </reporter-output>
        </test-method> <!-- setDatag -->
        <test-method status="PASS" signature="beforeMethods()[pri:0, instance:testcases.Tc0018_ForgotPassword_VZ_VerificationCode@3b2da18f]" name="beforeMethods" is-config="true" duration-ms="16966" started-at="2020-03-12T15:39:38 IST" finished-at="2020-03-12T15:39:54 IST">
          <reporter-output>
          </reporter-output>
        </test-method> <!-- beforeMethods -->
        <test-method status="PASS" signature="loginPositivecase(java.lang.String, java.lang.String, java.lang.String, java.lang.String, java.lang.String)[pri:0, instance:testcases.Tc0018_ForgotPassword_VZ_VerificationCode@3b2da18f]" name="loginPositivecase" duration-ms="162342" started-at="2020-03-12T15:39:54 IST" data-provider="fetch" finished-at="2020-03-12T15:42:37 IST">
          <params>
            <param index="0">
              <value>
                <![CDATA[Forgot_Password_Mail_VZ_VerficationCode_Password]]>
              </value>
            </param>
            <param index="1">
              <value>
                <![CDATA[remotemyhprod@mailinator.com]]>
              </value>
            </param>
            <param index="2">
              <value>
                <![CDATA[2]]>
              </value>
            </param>
            <param index="3">
              <value>
                <![CDATA[270565]]>
              </value>
            </param>
            <param index="4">
              <value>
                <![CDATA[92708]]>
              </value>
            </param>
          </params>
          <reporter-output>
          </reporter-output>
        </test-method> <!-- loginPositivecase -->
        <test-method status="PASS" signature="afterMethod()[pri:0, instance:testcases.Tc0018_ForgotPassword_VZ_VerificationCode@3b2da18f]" name="afterMethod" is-config="true" duration-ms="1116" started-at="2020-03-12T15:42:37 IST" finished-at="2020-03-12T15:42:38 IST">
          <reporter-output>
          </reporter-output>
        </test-method> <!-- afterMethod -->
        <test-method status="PASS" signature="afterTest()[pri:0, instance:testcases.Tc0018_ForgotPassword_VZ_VerificationCode@3b2da18f]" name="afterTest" is-config="true" duration-ms="0" started-at="2020-03-12T15:42:38 IST" finished-at="2020-03-12T15:42:38 IST">
          <reporter-output>
          </reporter-output>
        </test-method> <!-- afterTest -->
        <test-method status="PASS" signature="afterSuite()[pri:0, instance:testcases.Tc0018_ForgotPassword_VZ_VerificationCode@3b2da18f]" name="afterSuite" is-config="true" duration-ms="219" started-at="2020-03-12T15:42:38 IST" finished-at="2020-03-12T15:42:38 IST">
          <reporter-output>
          </reporter-output>
        </test-method> <!-- afterSuite -->
      </class> <!-- testcases.Tc0018_ForgotPassword_VZ_VerificationCode -->
    </test> <!-- Default test -->
  </suite> <!-- Default suite -->
</testng-results>
